2025-02-05 09:51:59,093 - INFO - [31m[1mWARNING: This is a development server. Do not use it in a production deployment. Use a production WSGI server instead.[0m
 * Running on http://127.0.0.1:5000
2025-02-05 09:51:59,094 - INFO - [33mPress CTRL+C to quit[0m
2025-02-05 09:51:59,097 - INFO -  * Restarting with stat
2025-02-05 09:51:59,608 - WARNING -  * Debugger is active!
2025-02-05 09:51:59,616 - INFO -  * Debugger PIN: 879-180-531
2025-02-05 09:52:05,028 - INFO - 127.0.0.1 - - [05/Feb/2025 09:52:05] "GET / HTTP/1.1" 200 -
2025-02-05 09:52:56,424 - INFO - Début de la récupération des e-mails pour figofiga74@gmail.com
2025-02-05 09:52:58,223 - INFO - Connexion IMAP réussie pour figofiga74@gmail.com
2025-02-05 09:52:58,790 - INFO - Nombre d'e-mails trouvés : 34
2025-02-05 09:52:59,433 - INFO - Sujet de l'email : Figo, finalisez la configuration de votre nouveau compte Google
2025-02-05 09:52:59,743 - INFO - Sujet de l'email : Email verification
2025-02-05 09:53:00,123 - INFO - Sujet de l'email : Message delivered
2025-02-05 09:53:00,515 - INFO - Sujet de l'email : How can we help you with your business messaging?
2025-02-05 09:53:00,852 - INFO - Sujet de l'email : Platform Maintenance Postponed
2025-02-05 09:53:01,207 - INFO - Sujet de l'email : Improve Black Friday sales with SMS
2025-02-05 09:53:01,510 - INFO - Sujet de l'email : En savoir plus sur la nouvelle version de nos conditions d'utilisation
2025-02-05 09:53:01,846 - INFO - Sujet de l'email : Support Hours over this Festive Season
2025-02-05 09:53:02,181 - INFO - Sujet de l'email : Platform Maintenance - Sunday 23 January
2025-02-05 09:53:02,536 - INFO - Sujet de l'email : Boost your business in 2022
2025-02-05 09:53:02,891 - INFO - Sujet de l'email : Boost your business in 2022
2025-02-05 09:53:03,249 - INFO - Sujet de l'email : Platform Maintenance - Sunday 20 February
2025-02-05 09:53:03,580 - INFO - Sujet de l'email : Intermittent Technical Issues
2025-02-05 09:53:03,919 - INFO - Sujet de l'email : Technical Issues - Resolved
2025-02-05 09:53:04,207 - INFO - Sujet de l'email : Is there anything we can help you with?
2025-02-05 09:53:04,505 - INFO - Sujet de l'email : We're closing your account in 7 days
2025-02-05 09:53:04,801 - INFO - Sujet de l'email : Your inactive account has been closed
2025-02-05 09:53:05,102 - INFO - Sujet de l'email : Updates to Google Play Terms of Service
2025-02-05 09:53:05,415 - INFO - Sujet de l'email : Mise à jour de notre règlement sur l'inactivité des comptes Google
2025-02-05 09:53:05,717 - INFO - Sujet de l'email : Vos paramètres Google Play de validation des achats
2025-02-05 09:53:06,023 - INFO - Sujet de l'email : En savoir plus sur la nouvelle version de nos conditions d'utilisation
2025-02-05 09:53:06,313 - INFO - Sujet de l'email : Alerte de sécurité
2025-02-05 09:53:06,956 - INFO - Sujet de l'email : Nouvelles options de gestion de la personnalisation sur Google Play
2025-02-05 09:53:07,251 - INFO - Sujet de l'email : Modification apportée à votre compte Google
2025-02-05 09:53:07,540 - INFO - Sujet de l'email : Alerte de sécurité
2025-02-05 09:53:08,125 - INFO - Sujet de l'email : Alerte de sécurité
2025-02-05 09:53:08,411 - INFO - Sujet de l'email : Alerte de sécurité
2025-02-05 09:53:08,705 - INFO - Sujet de l'email : Validation en deux étapes activée
2025-02-05 09:53:08,992 - INFO - Sujet de l'email : Alerte de sécurité
2025-02-05 09:53:09,362 - INFO - Sujet de l'email : Fwd: Bilan 2024
2025-02-05 09:53:09,371 - INFO - Pièce jointe sauvegardée : CORRECTION_RTICLE_123.odt
2025-02-05 09:53:09,741 - INFO - Sujet de l'email : Fwd: Bilan 2024
2025-02-05 09:53:09,749 - INFO - Pièce jointe sauvegardée : CORRECTION_RTICLE_123.odt
2025-02-05 09:53:11,417 - INFO - Sujet de l'email : Fwd: VOTRE PRISE DE SERVICE EN TANT QUE STAGIAIRE
2025-02-05 09:53:11,423 - INFO - Pièce jointe sauvegardée : image001.jpg
2025-02-05 09:53:11,431 - INFO - Pièce jointe sauvegardée : image001.jpg
2025-02-05 09:53:11,503 - INFO - Pièce jointe sauvegardée : Reglement_interieur_OCM_2022.pdf
2025-02-05 09:53:11,521 - INFO - Pièce jointe sauvegardée : Guide-Salarie-Special-Accountability-VF-Version04.pdf
2025-02-05 09:53:11,528 - INFO - Pièce jointe sauvegardée : Lettre_d_engagement_Pers_Code_d_ethique_OCM_112016.pdf
2025-02-05 09:53:11,546 - INFO - Pièce jointe sauvegardée : Code_d_Ethique_OCM_11_2016.pdf
2025-02-05 09:53:11,554 - INFO - Pièce jointe sauvegardée : OCM_-_Questionnaire_de_Conflits_d_interets.pdf
2025-02-05 09:53:11,838 - INFO - Sujet de l'email : TR: [External] Extract Orion Data
2025-02-05 09:53:12,106 - INFO - E-mails et pièces jointes récupérés avec succès.
2025-02-05 09:53:12,107 - INFO - 127.0.0.1 - - [05/Feb/2025 09:53:12] "[32mGET /fetch_emails?email=figofiga74@gmail.com&password=iucb+fjyw+jxyn+fzya&sender=&subject= HTTP/1.1[0m" 302 -
2025-02-05 09:53:12,113 - INFO - 127.0.0.1 - - [05/Feb/2025 09:53:12] "GET / HTTP/1.1" 200 -
2025-02-05 09:57:54,575 - INFO -  * Detected change in 'c:\\Users\\VBVD9954\\Desktop\\mail\\mail.py', reloading
2025-02-05 09:57:54,676 - INFO -  * Restarting with stat
2025-02-05 09:57:55,219 - WARNING -  * Debugger is active!
2025-02-05 09:57:55,226 - INFO -  * Debugger PIN: 879-180-531
2025-02-05 09:58:51,192 - INFO - Début de la récupération des e-mails pour figofiga74@gmail.com
2025-02-05 09:58:53,201 - INFO - Connexion IMAP réussie pour figofiga74@gmail.com
2025-02-05 09:58:54,020 - INFO - Nombre d'e-mails trouvés : 34
2025-02-05 09:58:54,866 - INFO - Sujet de l'email : Figo, finalisez la configuration de votre nouveau compte Google
2025-02-05 09:58:55,231 - INFO - Sujet de l'email : Email verification
2025-02-05 09:58:55,557 - INFO - Sujet de l'email : Message delivered
2025-02-05 09:58:56,013 - INFO - Sujet de l'email : How can we help you with your business messaging?
2025-02-05 09:58:56,441 - INFO - Sujet de l'email : Platform Maintenance Postponed
2025-02-05 09:58:56,819 - INFO - Sujet de l'email : Improve Black Friday sales with SMS
2025-02-05 09:58:57,473 - INFO - Sujet de l'email : En savoir plus sur la nouvelle version de nos conditions d'utilisation
2025-02-05 09:58:57,864 - INFO - Sujet de l'email : Support Hours over this Festive Season
2025-02-05 09:58:58,259 - INFO - Sujet de l'email : Platform Maintenance - Sunday 23 January
2025-02-05 09:58:58,632 - INFO - Sujet de l'email : Boost your business in 2022
2025-02-05 09:58:59,311 - INFO - Sujet de l'email : Boost your business in 2022
2025-02-05 09:58:59,971 - INFO - Sujet de l'email : Platform Maintenance - Sunday 20 February
2025-02-05 09:59:01,050 - INFO - Sujet de l'email : Intermittent Technical Issues
2025-02-05 09:59:01,449 - INFO - Sujet de l'email : Technical Issues - Resolved
2025-02-05 09:59:01,809 - INFO - Sujet de l'email : Is there anything we can help you with?
2025-02-05 09:59:02,301 - INFO - Sujet de l'email : We're closing your account in 7 days
2025-02-05 09:59:02,828 - INFO - Sujet de l'email : Your inactive account has been closed
2025-02-05 09:59:03,129 - INFO - Sujet de l'email : Updates to Google Play Terms of Service
2025-02-05 09:59:03,461 - INFO - Sujet de l'email : Mise à jour de notre règlement sur l'inactivité des comptes Google
2025-02-05 09:59:03,782 - INFO - Sujet de l'email : Vos paramètres Google Play de validation des achats
2025-02-05 09:59:04,106 - INFO - Sujet de l'email : En savoir plus sur la nouvelle version de nos conditions d'utilisation
2025-02-05 09:59:04,576 - INFO - Sujet de l'email : Alerte de sécurité
2025-02-05 09:59:05,236 - INFO - Sujet de l'email : Nouvelles options de gestion de la personnalisation sur Google Play
2025-02-05 09:59:05,631 - INFO - Sujet de l'email : Modification apportée à votre compte Google
2025-02-05 09:59:05,925 - INFO - Sujet de l'email : Alerte de sécurité
2025-02-05 09:59:06,277 - INFO - Sujet de l'email : Alerte de sécurité
2025-02-05 09:59:06,568 - INFO - Sujet de l'email : Alerte de sécurité
2025-02-05 09:59:07,010 - INFO - Sujet de l'email : Validation en deux étapes activée
2025-02-05 09:59:07,711 - INFO - Sujet de l'email : Alerte de sécurité
2025-02-05 09:59:08,623 - INFO - Sujet de l'email : Fwd: Bilan 2024
2025-02-05 09:59:08,632 - INFO - Pièce jointe sauvegardée : CORRECTION_RTICLE_123.odt
2025-02-05 09:59:09,398 - INFO - Sujet de l'email : Fwd: Bilan 2024
2025-02-05 09:59:09,409 - INFO - Pièce jointe sauvegardée : CORRECTION_RTICLE_123.odt
2025-02-05 09:59:10,976 - INFO - Sujet de l'email : Fwd: VOTRE PRISE DE SERVICE EN TANT QUE STAGIAIRE
2025-02-05 09:59:10,981 - INFO - Pièce jointe sauvegardée : image001.jpg
2025-02-05 09:59:10,990 - INFO - Pièce jointe sauvegardée : image001.jpg
2025-02-05 09:59:11,057 - INFO - Pièce jointe sauvegardée : Reglement_interieur_OCM_2022.pdf
2025-02-05 09:59:11,073 - INFO - Pièce jointe sauvegardée : Guide-Salarie-Special-Accountability-VF-Version04.pdf
2025-02-05 09:59:11,080 - INFO - Pièce jointe sauvegardée : Lettre_d_engagement_Pers_Code_d_ethique_OCM_112016.pdf
2025-02-05 09:59:11,096 - INFO - Pièce jointe sauvegardée : Code_d_Ethique_OCM_11_2016.pdf
2025-02-05 09:59:11,104 - INFO - Pièce jointe sauvegardée : OCM_-_Questionnaire_de_Conflits_d_interets.pdf
2025-02-05 09:59:11,393 - INFO - Sujet de l'email : TR: [External] Extract Orion Data
2025-02-05 09:59:12,046 - INFO - E-mails et pièces jointes récupérés avec succès.
2025-02-05 09:59:12,047 - INFO - 127.0.0.1 - - [05/Feb/2025 09:59:12] "[32mGET /fetch_emails?email=figofiga74@gmail.com&password=iucb+fjyw+jxyn+fzya&sender=&subject= HTTP/1.1[0m" 302 -
2025-02-05 09:59:12,060 - INFO - 127.0.0.1 - - [05/Feb/2025 09:59:12] "GET / HTTP/1.1" 200 -
2025-02-05 10:04:51,091 - INFO -  * Detected change in 'c:\\Users\\VBVD9954\\Desktop\\mail\\mail.py', reloading
2025-02-05 10:04:51,190 - INFO -  * Restarting with stat
2025-02-05 10:04:52,130 - WARNING -  * Debugger is active!
2025-02-05 10:04:52,136 - INFO -  * Debugger PIN: 879-180-531
2025-02-05 10:04:56,088 - INFO - [31m[1mWARNING: This is a development server. Do not use it in a production deployment. Use a production WSGI server instead.[0m
 * Running on http://127.0.0.1:5000
2025-02-05 10:04:56,090 - INFO - [33mPress CTRL+C to quit[0m
2025-02-05 10:04:56,093 - INFO -  * Restarting with stat
2025-02-05 10:04:56,628 - WARNING -  * Debugger is active!
2025-02-05 10:04:56,634 - INFO -  * Debugger PIN: 879-180-531
2025-02-05 10:05:00,375 - INFO - 127.0.0.1 - - [05/Feb/2025 10:05:00] "GET / HTTP/1.1" 200 -
2025-02-05 10:05:19,224 - INFO - Début de la récupération des e-mails pour figofiga74@gmail.com
2025-02-05 10:05:30,298 - ERROR - Une erreur est survenue : [Errno 11001] getaddrinfo failed
2025-02-05 10:05:30,299 - INFO - 127.0.0.1 - - [05/Feb/2025 10:05:30] "[32mPOST /fetch_emails HTTP/1.1[0m" 302 -
2025-02-05 10:05:30,309 - INFO - 127.0.0.1 - - [05/Feb/2025 10:05:30] "GET / HTTP/1.1" 200 -
2025-02-05 10:06:48,771 - INFO -  * Detected change in 'c:\\Users\\VBVD9954\\Desktop\\mail\\mail.py', reloading
2025-02-05 10:06:48,871 - INFO -  * Restarting with stat
2025-02-05 10:06:49,454 - WARNING -  * Debugger is active!
2025-02-05 10:06:49,460 - INFO -  * Debugger PIN: 879-180-531
2025-02-05 10:06:52,496 - INFO - [31m[1mWARNING: This is a development server. Do not use it in a production deployment. Use a production WSGI server instead.[0m
 * Running on http://127.0.0.1:5000
2025-02-05 10:06:52,498 - INFO - [33mPress CTRL+C to quit[0m
2025-02-05 10:06:52,501 - INFO -  * Restarting with stat
2025-02-05 10:06:53,093 - WARNING -  * Debugger is active!
2025-02-05 10:06:53,102 - INFO -  * Debugger PIN: 879-180-531
2025-02-05 10:06:55,506 - INFO - 127.0.0.1 - - [05/Feb/2025 10:06:55] "GET / HTTP/1.1" 200 -
2025-02-05 10:07:17,279 - INFO - Début de la récupération des e-mails pour figofiga74@gmail.com
2025-02-05 10:07:19,190 - INFO - Connexion IMAP réussie pour figofiga74@gmail.com
2025-02-05 10:07:19,750 - INFO - Nombre d'e-mails trouvés : 34
2025-02-05 10:07:20,359 - INFO - Sujet de l'email : Figo, finalisez la configuration de votre nouveau compte Google
2025-02-05 10:07:20,664 - INFO - Sujet de l'email : Email verification
2025-02-05 10:07:20,993 - INFO - Sujet de l'email : Message delivered
2025-02-05 10:07:21,392 - INFO - Sujet de l'email : How can we help you with your business messaging?
2025-02-05 10:07:21,727 - INFO - Sujet de l'email : Platform Maintenance Postponed
2025-02-05 10:07:22,083 - INFO - Sujet de l'email : Improve Black Friday sales with SMS
2025-02-05 10:07:22,374 - INFO - Sujet de l'email : En savoir plus sur la nouvelle version de nos conditions d'utilisation
2025-02-05 10:07:22,716 - INFO - Sujet de l'email : Support Hours over this Festive Season
2025-02-05 10:07:23,063 - INFO - Sujet de l'email : Platform Maintenance - Sunday 23 January
2025-02-05 10:07:23,437 - INFO - Sujet de l'email : Boost your business in 2022
2025-02-05 10:07:23,807 - INFO - Sujet de l'email : Boost your business in 2022
2025-02-05 10:07:24,145 - INFO - Sujet de l'email : Platform Maintenance - Sunday 20 February
2025-02-05 10:07:24,482 - INFO - Sujet de l'email : Intermittent Technical Issues
2025-02-05 10:07:24,835 - INFO - Sujet de l'email : Technical Issues - Resolved
2025-02-05 10:07:25,152 - INFO - Sujet de l'email : Is there anything we can help you with?
2025-02-05 10:07:25,466 - INFO - Sujet de l'email : We're closing your account in 7 days
2025-02-05 10:07:25,761 - INFO - Sujet de l'email : Your inactive account has been closed
2025-02-05 10:07:26,072 - INFO - Sujet de l'email : Updates to Google Play Terms of Service
2025-02-05 10:07:26,557 - INFO - Sujet de l'email : Mise à jour de notre règlement sur l'inactivité des comptes Google
2025-02-05 10:07:26,865 - INFO - Sujet de l'email : Vos paramètres Google Play de validation des achats
2025-02-05 10:07:27,181 - INFO - Sujet de l'email : En savoir plus sur la nouvelle version de nos conditions d'utilisation
2025-02-05 10:07:27,490 - INFO - Sujet de l'email : Alerte de sécurité
2025-02-05 10:07:28,134 - INFO - Sujet de l'email : Nouvelles options de gestion de la personnalisation sur Google Play
2025-02-05 10:07:28,436 - INFO - Sujet de l'email : Modification apportée à votre compte Google
2025-02-05 10:07:28,734 - INFO - Sujet de l'email : Alerte de sécurité
2025-02-05 10:07:29,034 - INFO - Sujet de l'email : Alerte de sécurité
2025-02-05 10:07:29,329 - INFO - Sujet de l'email : Alerte de sécurité
2025-02-05 10:07:29,621 - INFO - Sujet de l'email : Validation en deux étapes activée
2025-02-05 10:07:29,910 - INFO - Sujet de l'email : Alerte de sécurité
2025-02-05 10:07:30,294 - INFO - Sujet de l'email : Fwd: Bilan 2024
2025-02-05 10:07:30,303 - INFO - Pièce jointe sauvegardée : CORRECTION_RTICLE_123.odt
2025-02-05 10:07:30,678 - INFO - Sujet de l'email : Fwd: Bilan 2024
2025-02-05 10:07:30,687 - INFO - Pièce jointe sauvegardée : CORRECTION_RTICLE_123.odt
2025-02-05 10:07:32,179 - INFO - Sujet de l'email : Fwd: VOTRE PRISE DE SERVICE EN TANT QUE STAGIAIRE
2025-02-05 10:07:32,185 - INFO - Pièce jointe sauvegardée : image001.jpg
2025-02-05 10:07:32,192 - INFO - Pièce jointe sauvegardée : image001.jpg
2025-02-05 10:07:32,270 - INFO - Pièce jointe sauvegardée : Reglement_interieur_OCM_2022.pdf
2025-02-05 10:07:32,288 - INFO - Pièce jointe sauvegardée : Guide-Salarie-Special-Accountability-VF-Version04.pdf
2025-02-05 10:07:32,294 - INFO - Pièce jointe sauvegardée : Lettre_d_engagement_Pers_Code_d_ethique_OCM_112016.pdf
2025-02-05 10:07:32,311 - INFO - Pièce jointe sauvegardée : Code_d_Ethique_OCM_11_2016.pdf
2025-02-05 10:07:32,320 - INFO - Pièce jointe sauvegardée : OCM_-_Questionnaire_de_Conflits_d_interets.pdf
2025-02-05 10:07:32,668 - INFO - Sujet de l'email : TR: [External] Extract Orion Data
2025-02-05 10:07:32,953 - INFO - E-mails et pièces jointes récupérés avec succès.
2025-02-05 10:07:32,955 - INFO - 127.0.0.1 - - [05/Feb/2025 10:07:32] "[32mPOST /fetch_emails HTTP/1.1[0m" 302 -
2025-02-05 10:07:32,960 - INFO - 127.0.0.1 - - [05/Feb/2025 10:07:32] "GET / HTTP/1.1" 200 -
2025-02-05 10:42:12,525 - INFO - Début de la récupération des e-mails pour figofiga74@gmail.com
2025-02-05 10:42:14,302 - INFO - Connexion IMAP réussie pour figofiga74@gmail.com
2025-02-05 10:42:14,918 - INFO - Nombre d'e-mails trouvés : 2
2025-02-05 10:42:15,554 - INFO - Sujet de l'email : Fwd: Bilan 2024
2025-02-05 10:42:15,564 - INFO - Pièce jointe sauvegardée : CORRECTION_RTICLE_123.odt
2025-02-05 10:42:16,091 - INFO - Sujet de l'email : Fwd: Bilan 2024
2025-02-05 10:42:16,100 - INFO - Pièce jointe sauvegardée : CORRECTION_RTICLE_123.odt
2025-02-05 10:42:16,369 - INFO - E-mails et pièces jointes récupérés avec succès.
2025-02-05 10:42:16,371 - INFO - 127.0.0.1 - - [05/Feb/2025 10:42:16] "[32mPOST /fetch_emails HTTP/1.1[0m" 302 -
2025-02-05 10:42:16,375 - INFO - 127.0.0.1 - - [05/Feb/2025 10:42:16] "GET / HTTP/1.1" 200 -
2025-02-05 10:42:38,308 - INFO - Début de la récupération des e-mails pour figofiga74@gmail.com
2025-02-05 10:42:39,997 - INFO - Connexion IMAP réussie pour figofiga74@gmail.com
2025-02-05 10:42:40,553 - INFO - Nombre d'e-mails trouvés : 1
2025-02-05 10:42:42,713 - INFO - Sujet de l'email : Fwd: VOTRE PRISE DE SERVICE EN TANT QUE STAGIAIRE
2025-02-05 10:42:42,719 - INFO - Pièce jointe sauvegardée : image001.jpg
2025-02-05 10:42:42,727 - INFO - Pièce jointe sauvegardée : image001.jpg
2025-02-05 10:42:42,795 - INFO - Pièce jointe sauvegardée : Reglement_interieur_OCM_2022.pdf
2025-02-05 10:42:42,811 - INFO - Pièce jointe sauvegardée : Guide-Salarie-Special-Accountability-VF-Version04.pdf
2025-02-05 10:42:42,817 - INFO - Pièce jointe sauvegardée : Lettre_d_engagement_Pers_Code_d_ethique_OCM_112016.pdf
2025-02-05 10:42:42,832 - INFO - Pièce jointe sauvegardée : Code_d_Ethique_OCM_11_2016.pdf
2025-02-05 10:42:42,840 - INFO - Pièce jointe sauvegardée : OCM_-_Questionnaire_de_Conflits_d_interets.pdf
2025-02-05 10:42:43,106 - INFO - E-mails et pièces jointes récupérés avec succès.
2025-02-05 10:42:43,108 - INFO - 127.0.0.1 - - [05/Feb/2025 10:42:43] "[32mPOST /fetch_emails HTTP/1.1[0m" 302 -
2025-02-05 10:42:43,113 - INFO - 127.0.0.1 - - [05/Feb/2025 10:42:43] "GET / HTTP/1.1" 200 -
2025-02-05 10:44:59,443 - INFO - Début de la récupération des e-mails pour figofiga74@gmail.com
2025-02-05 10:45:00,478 - INFO - Connexion IMAP réussie pour figofiga74@gmail.com
2025-02-05 10:45:01,035 - INFO - Nombre d'e-mails trouvés : 34
2025-02-05 10:45:01,668 - INFO - Sujet de l'email : Figo, finalisez la configuration de votre nouveau compte Google
2025-02-05 10:45:02,017 - INFO - Sujet de l'email : Email verification
2025-02-05 10:45:02,391 - INFO - Sujet de l'email : Message delivered
2025-02-05 10:45:02,785 - INFO - Sujet de l'email : How can we help you with your business messaging?
2025-02-05 10:45:03,183 - INFO - Sujet de l'email : Platform Maintenance Postponed
2025-02-05 10:45:03,542 - INFO - Sujet de l'email : Improve Black Friday sales with SMS
2025-02-05 10:45:03,836 - INFO - Sujet de l'email : En savoir plus sur la nouvelle version de nos conditions d'utilisation
2025-02-05 10:45:04,175 - INFO - Sujet de l'email : Support Hours over this Festive Season
2025-02-05 10:45:04,512 - INFO - Sujet de l'email : Platform Maintenance - Sunday 23 January
2025-02-05 10:45:04,869 - INFO - Sujet de l'email : Boost your business in 2022
2025-02-05 10:45:05,228 - INFO - Sujet de l'email : Boost your business in 2022
2025-02-05 10:45:05,566 - INFO - Sujet de l'email : Platform Maintenance - Sunday 20 February
2025-02-05 10:45:05,900 - INFO - Sujet de l'email : Intermittent Technical Issues
2025-02-05 10:45:06,235 - INFO - Sujet de l'email : Technical Issues - Resolved
2025-02-05 10:45:06,530 - INFO - Sujet de l'email : Is there anything we can help you with?
2025-02-05 10:45:06,818 - INFO - Sujet de l'email : We're closing your account in 7 days
2025-02-05 10:45:07,141 - INFO - Sujet de l'email : Your inactive account has been closed
2025-02-05 10:45:07,501 - INFO - Sujet de l'email : Updates to Google Play Terms of Service
2025-02-05 10:45:07,807 - INFO - Sujet de l'email : Mise à jour de notre règlement sur l'inactivité des comptes Google
2025-02-05 10:45:08,115 - INFO - Sujet de l'email : Vos paramètres Google Play de validation des achats
2025-02-05 10:45:08,574 - INFO - Sujet de l'email : En savoir plus sur la nouvelle version de nos conditions d'utilisation
2025-02-05 10:45:08,868 - INFO - Sujet de l'email : Alerte de sécurité
2025-02-05 10:45:09,506 - INFO - Sujet de l'email : Nouvelles options de gestion de la personnalisation sur Google Play
2025-02-05 10:45:09,805 - INFO - Sujet de l'email : Modification apportée à votre compte Google
2025-02-05 10:45:10,101 - INFO - Sujet de l'email : Alerte de sécurité
2025-02-05 10:45:10,397 - INFO - Sujet de l'email : Alerte de sécurité
2025-02-05 10:45:10,692 - INFO - Sujet de l'email : Alerte de sécurité
2025-02-05 10:45:10,986 - INFO - Sujet de l'email : Validation en deux étapes activée
2025-02-05 10:45:11,276 - INFO - Sujet de l'email : Alerte de sécurité
2025-02-05 10:45:11,657 - INFO - Sujet de l'email : Fwd: Bilan 2024
2025-02-05 10:45:11,667 - INFO - Pièce jointe sauvegardée : CORRECTION_RTICLE_123.odt
2025-02-05 10:45:12,041 - INFO - Sujet de l'email : Fwd: Bilan 2024
2025-02-05 10:45:12,051 - INFO - Pièce jointe sauvegardée : CORRECTION_RTICLE_123.odt
2025-02-05 10:45:13,622 - INFO - Sujet de l'email : Fwd: VOTRE PRISE DE SERVICE EN TANT QUE STAGIAIRE
2025-02-05 10:45:13,628 - INFO - Pièce jointe sauvegardée : image001.jpg
2025-02-05 10:45:13,636 - INFO - Pièce jointe sauvegardée : image001.jpg
2025-02-05 10:45:13,709 - INFO - Pièce jointe sauvegardée : Reglement_interieur_OCM_2022.pdf
2025-02-05 10:45:13,727 - INFO - Pièce jointe sauvegardée : Guide-Salarie-Special-Accountability-VF-Version04.pdf
2025-02-05 10:45:13,734 - INFO - Pièce jointe sauvegardée : Lettre_d_engagement_Pers_Code_d_ethique_OCM_112016.pdf
2025-02-05 10:45:13,751 - INFO - Pièce jointe sauvegardée : Code_d_Ethique_OCM_11_2016.pdf
2025-02-05 10:45:13,760 - INFO - Pièce jointe sauvegardée : OCM_-_Questionnaire_de_Conflits_d_interets.pdf
2025-02-05 10:45:14,051 - INFO - Sujet de l'email : TR: [External] Extract Orion Data
2025-02-05 10:45:14,324 - INFO - E-mails et pièces jointes récupérés avec succès.
2025-02-05 10:45:14,324 - INFO - 127.0.0.1 - - [05/Feb/2025 10:45:14] "[32mPOST /fetch_emails HTTP/1.1[0m" 302 -
2025-02-05 10:45:14,329 - INFO - 127.0.0.1 - - [05/Feb/2025 10:45:14] "GET / HTTP/1.1" 200 -
2025-02-05 10:45:49,957 - INFO - Début de la récupération des e-mails pour figofiga74@gmail.com
2025-02-05 10:45:51,708 - INFO - Connexion IMAP réussie pour figofiga74@gmail.com
2025-02-05 10:45:52,333 - INFO - Nombre d'e-mails trouvés : 0
2025-02-05 10:45:52,613 - INFO - E-mails et pièces jointes récupérés avec succès.
2025-02-05 10:45:52,614 - INFO - 127.0.0.1 - - [05/Feb/2025 10:45:52] "[32mPOST /fetch_emails HTTP/1.1[0m" 302 -
2025-02-05 10:45:52,619 - INFO - 127.0.0.1 - - [05/Feb/2025 10:45:52] "GET / HTTP/1.1" 200 -
